[0701/114745:ERROR:gl_surface_egl.cc(133)] eglInitialize failed with error UNKNOWN
[0701/114745:ERROR:gl_surface_win.cc(97)] GLSurfaceEGL::InitializeOneOff failed.
[0701/114806:ERROR:renderer_main.cc(226)] Running without renderer sandbox
[0701/114806:ERROR:renderer_main.cc(226)] Running without renderer sandbox
[0701/114806:ERROR:renderer_main.cc(226)] Running without renderer sandbox
[0701/114807:ERROR:renderer_main.cc(226)] Running without renderer sandbox
[0701/114808:INFO:CONSOLE(0)] "event.returnValue is deprecated. Please use the standard event.preventDefault() instead.", source:  (0)
[0701/114808:INFO:CONSOLE(0)] "event.returnValue is deprecated. Please use the standard event.preventDefault() instead.", source:  (0)
[0701/115537:ERROR:renderer_main.cc(226)] Running without renderer sandbox
[0701/121135:ERROR:renderer_main.cc(226)] Running without renderer sandbox
[0701/121302:ERROR:renderer_main.cc(226)] Running without renderer sandbox
[0701/121409:ERROR:renderer_main.cc(226)] Running without renderer sandbox
[0701/121455:ERROR:renderer_main.cc(226)] Running without renderer sandbox
[0701/121946:ERROR:ipc_channel_win.cc(405)] pipe error: 232
[0701/133424:ERROR:gl_surface_egl.cc(133)] eglInitialize failed with error UNKNOWN
[0701/133424:ERROR:gl_surface_win.cc(97)] GLSurfaceEGL::InitializeOneOff failed.
[0701/133445:ERROR:renderer_main.cc(226)] Running without renderer sandbox
[0701/133445:ERROR:renderer_main.cc(226)] Running without renderer sandbox
[0701/133445:ERROR:renderer_main.cc(226)] Running without renderer sandbox
[0701/133446:ERROR:renderer_main.cc(226)] Running without renderer sandbox
[0701/133446:INFO:CONSOLE(0)] "event.returnValue is deprecated. Please use the standard event.preventDefault() instead.", source:  (0)
[0701/133446:INFO:CONSOLE(0)] "event.returnValue is deprecated. Please use the standard event.preventDefault() instead.", source:  (0)
[0701/133523:ERROR:renderer_main.cc(226)] Running without renderer sandbox
[0701/133824:INFO:CONSOLE(1)] "ReferenceError: EdgeDOM is not defined
    at eval (eval at <anonymous> (about:blank:0:45), <anonymous>:1:7)
    at about:blank:0:45", source:  (1)
[0701/133916:ERROR:renderer_main.cc(226)] Running without renderer sandbox
[0701/152721:ERROR:renderer_main.cc(226)] Running without renderer sandbox
[0701/152727:ERROR:renderer_main.cc(226)] Running without renderer sandbox
[0701/152737:ERROR:renderer_main.cc(226)] Running without renderer sandbox
[0701/152745:ERROR:renderer_main.cc(226)] Running without renderer sandbox
[0701/152754:ERROR:renderer_main.cc(226)] Running without renderer sandbox
[0701/152807:ERROR:renderer_main.cc(226)] Running without renderer sandbox
[0701/152907:ERROR:gl_surface_egl.cc(133)] eglInitialize failed with error UNKNOWN
[0701/152907:ERROR:gl_surface_win.cc(97)] GLSurfaceEGL::InitializeOneOff failed.
[0701/152928:ERROR:renderer_main.cc(226)] Running without renderer sandbox
[0701/152928:ERROR:renderer_main.cc(226)] Running without renderer sandbox
[0701/152928:ERROR:renderer_main.cc(226)] Running without renderer sandbox
[0701/152929:ERROR:renderer_main.cc(226)] Running without renderer sandbox
[0701/152929:INFO:CONSOLE(0)] "event.returnValue is deprecated. Please use the standard event.preventDefault() instead.", source:  (0)
[0701/152929:INFO:CONSOLE(0)] "event.returnValue is deprecated. Please use the standard event.preventDefault() instead.", source:  (0)
[0701/152955:ERROR:renderer_main.cc(226)] Running without renderer sandbox
[0701/153036:ERROR:renderer_main.cc(226)] Running without renderer sandbox
[0701/153129:ERROR:renderer_main.cc(226)] Running without renderer sandbox
[0701/153136:ERROR:renderer_main.cc(226)] Running without renderer sandbox
[0701/153144:ERROR:renderer_main.cc(226)] Running without renderer sandbox
[0701/153422:INFO:CONSOLE(1)] "ReferenceError: EdgeDOM is not defined
    at eval (eval at <anonymous> (about:blank:0:47), <anonymous>:1:7)
    at about:blank:0:47", source:  (1)
[0701/153456:ERROR:renderer_main.cc(226)] Running without renderer sandbox
[0701/153559:INFO:CONSOLE(1)] "ReferenceError: EdgeDOM is not defined
    at eval (eval at <anonymous> (about:blank:0:47), <anonymous>:1:7)
    at about:blank:0:47", source:  (1)
[0701/161652:ERROR:renderer_main.cc(226)] Running without renderer sandbox
[0701/161709:ERROR:renderer_main.cc(226)] Running without renderer sandbox
[0701/162104:ERROR:renderer_main.cc(226)] Running without renderer sandbox
[0701/162235:ERROR:renderer_main.cc(226)] Running without renderer sandbox
[0701/173721:ERROR:renderer_main.cc(226)] Running without renderer sandbox
[0701/173744:ERROR:renderer_main.cc(226)] Running without renderer sandbox
[0701/175122:ERROR:ipc_channel_win.cc(405)] pipe error: 232
[0701/175122:ERROR:ipc_channel_win.cc(405)] pipe error: 232
